<?xml version="1.0" encoding="UTF-8"?>
<!-- Generated by org.testng.reporters.JUnitReportReporter -->
<testsuite hostname="Loukik" failures="0" tests="4" name="testcases.LoginTest" time="35.705" errors="0" timestamp="2022-03-25T00:38:04 IST" skipped="0">
  <testcase classname="testcases.LoginTest" name="LoginSuccessTest" time="9.023"/>
  <system-out/>
  <testcase classname="testcases.LoginTest" name="ParameterizedTest" time="8.821"/>
  <system-out/>
  <testcase classname="testcases.LoginTest" name="LoginFailureTest" time="9.228"/>
  <system-out/>
  <testcase classname="testcases.LoginTest" name="ExternalDataTest" time="8.633"/>
  <system-out/>
</testsuite> <!-- testcases.LoginTest -->
