<?xml version="1.0" encoding="UTF-8"?>
<!-- Generated by org.testng.reporters.JUnitReportReporter -->
<testsuite hostname="Loukik" failures="0" tests="1" name="testcases.HomePageTest" time="3.343" errors="0" timestamp="2022-03-24T21:34:59 IST" skipped="0">
  <testcase classname="testcases.HomePageTest" name="HomePageTest1" time="3.343"/>
  <system-out/>
</testsuite> <!-- testcases.HomePageTest -->
